Analysis & Synthesis report for projeto_2
Wed Nov 15 15:56:30 2017
Quartus Prime Version 16.1.2 Build 203 01/18/2017 SJ Lite Edition


---------------------
; Table of Contents ;
---------------------
  1. Legal Notice
  2. Analysis & Synthesis Summary
  3. Analysis & Synthesis Settings
  4. Parallel Compilation
  5. Analysis & Synthesis Source Files Read
  6. Analysis & Synthesis Resource Usage Summary
  7. Analysis & Synthesis Resource Utilization by Entity
  8. State Machine - |projeto_2|SINC:inst12|Estado
  9. State Machine - |projeto_2|SINC:inst13|Estado
 10. State Machine - |projeto_2|UC_SEMAFORO:inst6|E
 11. User-Specified and Inferred Latches
 12. Registers Removed During Synthesis
 13. General Register Statistics
 14. Inverted Register Statistics
 15. Multiplexer Restructuring Statistics (Restructuring Performed)
 16. Post-Synthesis Netlist Statistics for Top Partition
 17. Elapsed Time Per Partition
 18. Analysis & Synthesis Messages



----------------
; Legal Notice ;
----------------
Copyright (C) 2017  Intel Corporation. All rights reserved.
Your use of Intel Corporation's design tools, logic functions 
and other software and tools, and its AMPP partner logic 
functions, and any output files from any of the foregoing 
(including device programming or simulation files), and any 
associated documentation or information are expressly subject 
to the terms and conditions of the Intel Program License 
Subscription Agreement, the Intel Quartus Prime License Agreement,
the Intel MegaCore Function License Agreement, or other 
applicable license agreement, including, without limitation, 
that your use is for the sole purpose of programming logic 
devices manufactured by Intel and sold by Intel or its 
authorized distributors.  Please refer to the applicable 
agreement for further details.



+----------------------------------------------------------------------------------+
; Analysis & Synthesis Summary                                                     ;
+------------------------------------+---------------------------------------------+
; Analysis & Synthesis Status        ; Successful - Wed Nov 15 15:56:30 2017       ;
; Quartus Prime Version              ; 16.1.2 Build 203 01/18/2017 SJ Lite Edition ;
; Revision Name                      ; projeto_2                                   ;
; Top-level Entity Name              ; projeto_2                                   ;
; Family                             ; Cyclone IV E                                ;
; Total logic elements               ; 192                                         ;
;     Total combinational functions  ; 173                                         ;
;     Dedicated logic registers      ; 72                                          ;
; Total registers                    ; 72                                          ;
; Total pins                         ; 51                                          ;
; Total virtual pins                 ; 0                                           ;
; Total memory bits                  ; 0                                           ;
; Embedded Multiplier 9-bit elements ; 0                                           ;
; Total PLLs                         ; 0                                           ;
+------------------------------------+---------------------------------------------+


+----------------------------------------------------------------------------------------------------------------------+
; Analysis & Synthesis Settings                                                                                        ;
+----------------------------------------------------------------------------+--------------------+--------------------+
; Option                                                                     ; Setting            ; Default Value      ;
+----------------------------------------------------------------------------+--------------------+--------------------+
; Device                                                                     ; EP4CE115F29C7      ;                    ;
; Top-level entity name                                                      ; projeto_2          ; projeto_2          ;
; Family name                                                                ; Cyclone IV E       ; Cyclone V          ;
; Use smart compilation                                                      ; Off                ; Off                ;
; Enable parallel Assembler and TimeQuest Timing Analyzer during compilation ; On                 ; On                 ;
; Enable compact report table                                                ; Off                ; Off                ;
; Restructure Multiplexers                                                   ; Auto               ; Auto               ;
; Create Debugging Nodes for IP Cores                                        ; Off                ; Off                ;
; Preserve fewer node names                                                  ; On                 ; On                 ;
; OpenCore Plus hardware evaluation                                          ; Enable             ; Enable             ;
; Verilog Version                                                            ; Verilog_2001       ; Verilog_2001       ;
; VHDL Version                                                               ; VHDL_1993          ; VHDL_1993          ;
; State Machine Processing                                                   ; Auto               ; Auto               ;
; Safe State Machine                                                         ; Off                ; Off                ;
; Extract Verilog State Machines                                             ; On                 ; On                 ;
; Extract VHDL State Machines                                                ; On                 ; On                 ;
; Ignore Verilog initial constructs                                          ; Off                ; Off                ;
; Iteration limit for constant Verilog loops                                 ; 5000               ; 5000               ;
; Iteration limit for non-constant Verilog loops                             ; 250                ; 250                ;
; Add Pass-Through Logic to Inferred RAMs                                    ; On                 ; On                 ;
; Infer RAMs from Raw Logic                                                  ; On                 ; On                 ;
; Parallel Synthesis                                                         ; On                 ; On                 ;
; DSP Block Balancing                                                        ; Auto               ; Auto               ;
; NOT Gate Push-Back                                                         ; On                 ; On                 ;
; Power-Up Don't Care                                                        ; On                 ; On                 ;
; Remove Redundant Logic Cells                                               ; Off                ; Off                ;
; Remove Duplicate Registers                                                 ; On                 ; On                 ;
; Ignore CARRY Buffers                                                       ; Off                ; Off                ;
; Ignore CASCADE Buffers                                                     ; Off                ; Off                ;
; Ignore GLOBAL Buffers                                                      ; Off                ; Off                ;
; Ignore ROW GLOBAL Buffers                                                  ; Off                ; Off                ;
; Ignore LCELL Buffers                                                       ; Off                ; Off                ;
; Ignore SOFT Buffers                                                        ; On                 ; On                 ;
; Limit AHDL Integers to 32 Bits                                             ; Off                ; Off                ;
; Optimization Technique                                                     ; Balanced           ; Balanced           ;
; Carry Chain Length                                                         ; 70                 ; 70                 ;
; Auto Carry Chains                                                          ; On                 ; On                 ;
; Auto Open-Drain Pins                                                       ; On                 ; On                 ;
; Perform WYSIWYG Primitive Resynthesis                                      ; Off                ; Off                ;
; Auto ROM Replacement                                                       ; On                 ; On                 ;
; Auto RAM Replacement                                                       ; On                 ; On                 ;
; Auto DSP Block Replacement                                                 ; On                 ; On                 ;
; Auto Shift Register Replacement                                            ; Auto               ; Auto               ;
; Allow Shift Register Merging across Hierarchies                            ; Auto               ; Auto               ;
; Auto Clock Enable Replacement                                              ; On                 ; On                 ;
; Strict RAM Replacement                                                     ; Off                ; Off                ;
; Allow Synchronous Control Signals                                          ; On                 ; On                 ;
; Force Use of Synchronous Clear Signals                                     ; Off                ; Off                ;
; Auto RAM Block Balancing                                                   ; On                 ; On                 ;
; Auto RAM to Logic Cell Conversion                                          ; Off                ; Off                ;
; Auto Resource Sharing                                                      ; Off                ; Off                ;
; Allow Any RAM Size For Recognition                                         ; Off                ; Off                ;
; Allow Any ROM Size For Recognition                                         ; Off                ; Off                ;
; Allow Any Shift Register Size For Recognition                              ; Off                ; Off                ;
; Use LogicLock Constraints during Resource Balancing                        ; On                 ; On                 ;
; Ignore translate_off and synthesis_off directives                          ; Off                ; Off                ;
; Timing-Driven Synthesis                                                    ; On                 ; On                 ;
; Report Parameter Settings                                                  ; On                 ; On                 ;
; Report Source Assignments                                                  ; On                 ; On                 ;
; Report Connectivity Checks                                                 ; On                 ; On                 ;
; Ignore Maximum Fan-Out Assignments                                         ; Off                ; Off                ;
; Synchronization Register Chain Length                                      ; 2                  ; 2                  ;
; PowerPlay Power Optimization During Synthesis                              ; Normal compilation ; Normal compilation ;
; HDL message level                                                          ; Level2             ; Level2             ;
; Suppress Register Optimization Related Messages                            ; Off                ; Off                ;
; Number of Removed Registers Reported in Synthesis Report                   ; 5000               ; 5000               ;
; Number of Swept Nodes Reported in Synthesis Report                         ; 5000               ; 5000               ;
; Number of Inverted Registers Reported in Synthesis Report                  ; 100                ; 100                ;
; Clock MUX Protection                                                       ; On                 ; On                 ;
; Auto Gated Clock Conversion                                                ; Off                ; Off                ;
; Block Design Naming                                                        ; Auto               ; Auto               ;
; SDC constraint protection                                                  ; Off                ; Off                ;
; Synthesis Effort                                                           ; Auto               ; Auto               ;
; Shift Register Replacement - Allow Asynchronous Clear Signal               ; On                 ; On                 ;
; Pre-Mapping Resynthesis Optimization                                       ; Off                ; Off                ;
; Analysis & Synthesis Message Level                                         ; Medium             ; Medium             ;
; Disable Register Merging Across Hierarchies                                ; Auto               ; Auto               ;
; Resource Aware Inference For Block RAM                                     ; On                 ; On                 ;
+----------------------------------------------------------------------------+--------------------+--------------------+


+------------------------------------------+
; Parallel Compilation                     ;
+----------------------------+-------------+
; Processors                 ; Number      ;
+----------------------------+-------------+
; Number detected on machine ; 2           ;
; Maximum allowed            ; 2           ;
;                            ;             ;
; Average used               ; 1.00        ;
; Maximum used               ; 2           ;
;                            ;             ;
; Usage by Processor         ; % Time Used ;
;     Processor 1            ; 100.0%      ;
;     Processor 2            ;   0.0%      ;
+----------------------------+-------------+


+----------------------------------------------------------------------------------------------------------------------------------------------+
; Analysis & Synthesis Source Files Read                                                                                                       ;
+----------------------------------+-----------------+------------------------------------+------------------------------------------+---------+
; File Name with User-Entered Path ; Used in Netlist ; File Type                          ; File Name with Absolute Path             ; Library ;
+----------------------------------+-----------------+------------------------------------+------------------------------------------+---------+
; projeto_2.bdf                    ; yes             ; User Block Diagram/Schematic File  ; F:/Projeto_2_Arquivos/UC/projeto_2.bdf   ;         ;
; dec.vhd                          ; yes             ; Auto-Found VHDL File               ; F:/Projeto_2_Arquivos/UC/dec.vhd         ;         ;
; reg.vhd                          ; yes             ; Auto-Found VHDL File               ; F:/Projeto_2_Arquivos/UC/reg.vhd         ;         ;
; uc_semaforo.vhd                  ; yes             ; Auto-Found VHDL File               ; F:/Projeto_2_Arquivos/UC/uc_semaforo.vhd ;         ;
; sinc.vhd                         ; yes             ; Auto-Found VHDL File               ; F:/Projeto_2_Arquivos/UC/sinc.vhd        ;         ;
; ff_d.vhd                         ; yes             ; Auto-Found VHDL File               ; F:/Projeto_2_Arquivos/UC/ff_d.vhd        ;         ;
; ula.vhd                          ; yes             ; Auto-Found VHDL File               ; F:/Projeto_2_Arquivos/UC/ula.vhd         ;         ;
; mux_a.vhd                        ; yes             ; Auto-Found VHDL File               ; F:/Projeto_2_Arquivos/UC/mux_a.vhd       ;         ;
; mux_b.vhd                        ; yes             ; Auto-Found VHDL File               ; F:/Projeto_2_Arquivos/UC/mux_b.vhd       ;         ;
; timer.vhd                        ; yes             ; Auto-Found VHDL File               ; F:/Projeto_2_Arquivos/UC/timer.vhd       ;         ;
+----------------------------------+-----------------+------------------------------------+------------------------------------------+---------+


+-----------------------------------------------------------+
; Analysis & Synthesis Resource Usage Summary               ;
+---------------------------------------------+-------------+
; Resource                                    ; Usage       ;
+---------------------------------------------+-------------+
; Estimated Total logic elements              ; 192         ;
;                                             ;             ;
; Total combinational functions               ; 173         ;
; Logic element usage by number of LUT inputs ;             ;
;     -- 4 input functions                    ; 118         ;
;     -- 3 input functions                    ; 43          ;
;     -- <=2 input functions                  ; 12          ;
;                                             ;             ;
; Logic elements by mode                      ;             ;
;     -- normal mode                          ; 165         ;
;     -- arithmetic mode                      ; 8           ;
;                                             ;             ;
; Total registers                             ; 72          ;
;     -- Dedicated logic registers            ; 72          ;
;     -- I/O registers                        ; 0           ;
;                                             ;             ;
; I/O pins                                    ; 51          ;
;                                             ;             ;
; Embedded Multiplier 9-bit elements          ; 0           ;
;                                             ;             ;
; Maximum fan-out node                        ; 50MHZ~input ;
; Maximum fan-out                             ; 72          ;
; Total fan-out                               ; 928         ;
; Average fan-out                             ; 2.67        ;
+---------------------------------------------+-------------+


+-------------------------------------------------------------------------------------------------------------------------------------------------------------------------------------------------------------------+
; Analysis & Synthesis Resource Utilization by Entity                                                                                                                                                               ;
+----------------------------+---------------------+---------------------------+-------------+--------------+---------+-----------+------+--------------+------------------------------+-------------+--------------+
; Compilation Hierarchy Node ; Combinational ALUTs ; Dedicated Logic Registers ; Memory Bits ; DSP Elements ; DSP 9x9 ; DSP 18x18 ; Pins ; Virtual Pins ; Full Hierarchy Name          ; Entity Name ; Library Name ;
+----------------------------+---------------------+---------------------------+-------------+--------------+---------+-----------+------+--------------+------------------------------+-------------+--------------+
; |projeto_2                 ; 173 (0)             ; 72 (0)                    ; 0           ; 0            ; 0       ; 0         ; 51   ; 0            ; |projeto_2                   ; projeto_2   ; work         ;
;    |DEC:inst14|            ; 7 (7)               ; 0 (0)                     ; 0           ; 0            ; 0       ; 0         ; 0    ; 0            ; |projeto_2|DEC:inst14        ; DEC         ; work         ;
;    |DEC:inst15|            ; 7 (7)               ; 0 (0)                     ; 0           ; 0            ; 0       ; 0         ; 0    ; 0            ; |projeto_2|DEC:inst15        ; DEC         ; work         ;
;    |DEC:inst16|            ; 7 (7)               ; 0 (0)                     ; 0           ; 0            ; 0       ; 0         ; 0    ; 0            ; |projeto_2|DEC:inst16        ; DEC         ; work         ;
;    |DEC:inst17|            ; 7 (7)               ; 0 (0)                     ; 0           ; 0            ; 0       ; 0         ; 0    ; 0            ; |projeto_2|DEC:inst17        ; DEC         ; work         ;
;    |FF_D:inst10|           ; 0 (0)               ; 1 (1)                     ; 0           ; 0            ; 0       ; 0         ; 0    ; 0            ; |projeto_2|FF_D:inst10       ; FF_D        ; work         ;
;    |FF_D:inst11|           ; 0 (0)               ; 1 (1)                     ; 0           ; 0            ; 0       ; 0         ; 0    ; 0            ; |projeto_2|FF_D:inst11       ; FF_D        ; work         ;
;    |FF_D:inst9|            ; 0 (0)               ; 1 (1)                     ; 0           ; 0            ; 0       ; 0         ; 0    ; 0            ; |projeto_2|FF_D:inst9        ; FF_D        ; work         ;
;    |MUX_A:inst|            ; 4 (4)               ; 0 (0)                     ; 0           ; 0            ; 0       ; 0         ; 0    ; 0            ; |projeto_2|MUX_A:inst        ; MUX_A       ; work         ;
;    |MUX_B:inst1|           ; 8 (8)               ; 0 (0)                     ; 0           ; 0            ; 0       ; 0         ; 0    ; 0            ; |projeto_2|MUX_B:inst1       ; MUX_B       ; work         ;
;    |REG:inst2|             ; 0 (0)               ; 4 (4)                     ; 0           ; 0            ; 0       ; 0         ; 0    ; 0            ; |projeto_2|REG:inst2         ; REG         ; work         ;
;    |REG:inst3|             ; 0 (0)               ; 4 (4)                     ; 0           ; 0            ; 0       ; 0         ; 0    ; 0            ; |projeto_2|REG:inst3         ; REG         ; work         ;
;    |REG:inst4|             ; 0 (0)               ; 4 (4)                     ; 0           ; 0            ; 0       ; 0         ; 0    ; 0            ; |projeto_2|REG:inst4         ; REG         ; work         ;
;    |REG:inst5|             ; 0 (0)               ; 4 (4)                     ; 0           ; 0            ; 0       ; 0         ; 0    ; 0            ; |projeto_2|REG:inst5         ; REG         ; work         ;
;    |SINC:inst12|           ; 2 (2)               ; 2 (2)                     ; 0           ; 0            ; 0       ; 0         ; 0    ; 0            ; |projeto_2|SINC:inst12       ; SINC        ; work         ;
;    |SINC:inst13|           ; 2 (2)               ; 2 (2)                     ; 0           ; 0            ; 0       ; 0         ; 0    ; 0            ; |projeto_2|SINC:inst13       ; SINC        ; work         ;
;    |TIMER:inst8|           ; 42 (42)             ; 26 (26)                   ; 0           ; 0            ; 0       ; 0         ; 0    ; 0            ; |projeto_2|TIMER:inst8       ; TIMER       ; work         ;
;    |UC_SEMAFORO:inst6|     ; 55 (55)             ; 23 (23)                   ; 0           ; 0            ; 0       ; 0         ; 0    ; 0            ; |projeto_2|UC_SEMAFORO:inst6 ; UC_SEMAFORO ; work         ;
;    |ULA:inst7|             ; 32 (32)             ; 0 (0)                     ; 0           ; 0            ; 0       ; 0         ; 0    ; 0            ; |projeto_2|ULA:inst7         ; ULA         ; work         ;
+----------------------------+---------------------+---------------------------+-------------+--------------+---------+-----------+------+--------------+------------------------------+-------------+--------------+
Note: For table entries with two numbers listed, the numbers in parentheses indicate the number of resources of the given type used by the specific entity alone. The numbers listed outside of parentheses indicate the total resources of the given type used by the specific entity and all of its sub-entities in the hierarchy.


Encoding Type:  One-Hot
+-----------------------------------------------+
; State Machine - |projeto_2|SINC:inst12|Estado ;
+-----------+-----------+-----------+-----------+
; Name      ; Estado.E2 ; Estado.E1 ; Estado.E0 ;
+-----------+-----------+-----------+-----------+
; Estado.E0 ; 0         ; 0         ; 0         ;
; Estado.E1 ; 0         ; 1         ; 1         ;
; Estado.E2 ; 1         ; 0         ; 1         ;
+-----------+-----------+-----------+-----------+


Encoding Type:  One-Hot
+-----------------------------------------------+
; State Machine - |projeto_2|SINC:inst13|Estado ;
+-----------+-----------+-----------+-----------+
; Name      ; Estado.E2 ; Estado.E1 ; Estado.E0 ;
+-----------+-----------+-----------+-----------+
; Estado.E0 ; 0         ; 0         ; 0         ;
; Estado.E1 ; 0         ; 1         ; 1         ;
; Estado.E2 ; 1         ; 0         ; 1         ;
+-----------+-----------+-----------+-----------+


Encoding Type:  One-Hot
+---------------------------------------------------------------------------------------------------------------------------------------------------------------------------------------------------------------------------------------------------------------------------------------------------------------------------------------------------+
; State Machine - |projeto_2|UC_SEMAFORO:inst6|E                                                                                                                                                                                                                                                                                                    ;
+----------------+-------------+-------------+-------------+-----------+--------------+----------------+---------------+--------------+----------------+---------------+-----------+--------------+----------------+----------------+---------------+---------------+----------+----------------+----------+-------------+---------------+----------+
; Name           ; E.tempo_TFT ; E.tempo_TFS ; E.tempo_TFP ; E.ama_TAS ; E.TFS_comp_0 ; E.decresce_TFS ; E.carrega_TFS ; E.TFT_comp_0 ; E.decresce_TFT ; E.carrega_TFT ; E.ama_TAP ; E.TFP_comp_0 ; E.decresce_TFP ; E.TFP_reduzido ; E.carrega_TFP ; E.vrf_maior_0 ; E.dec_TR ; E.vrf_menor_TP ; E.inc_TR ; E.ajuste_TR ; E.carrega_TR0 ; E.inicio ;
+----------------+-------------+-------------+-------------+-----------+--------------+----------------+---------------+--------------+----------------+---------------+-----------+--------------+----------------+----------------+---------------+---------------+----------+----------------+----------+-------------+---------------+----------+
; E.inicio       ; 0           ; 0           ; 0           ; 0         ; 0            ; 0              ; 0             ; 0            ; 0              ; 0             ; 0         ; 0            ; 0              ; 0              ; 0             ; 0             ; 0        ; 0              ; 0        ; 0           ; 0             ; 0        ;
; E.carrega_TR0  ; 0           ; 0           ; 0           ; 0         ; 0            ; 0              ; 0             ; 0            ; 0              ; 0             ; 0         ; 0            ; 0              ; 0              ; 0             ; 0             ; 0        ; 0              ; 0        ; 0           ; 1             ; 1        ;
; E.ajuste_TR    ; 0           ; 0           ; 0           ; 0         ; 0            ; 0              ; 0             ; 0            ; 0              ; 0             ; 0         ; 0            ; 0              ; 0              ; 0             ; 0             ; 0        ; 0              ; 0        ; 1           ; 0             ; 1        ;
; E.inc_TR       ; 0           ; 0           ; 0           ; 0         ; 0            ; 0              ; 0             ; 0            ; 0              ; 0             ; 0         ; 0            ; 0              ; 0              ; 0             ; 0             ; 0        ; 0              ; 1        ; 0           ; 0             ; 1        ;
; E.vrf_menor_TP ; 0           ; 0           ; 0           ; 0         ; 0            ; 0              ; 0             ; 0            ; 0              ; 0             ; 0         ; 0            ; 0              ; 0              ; 0             ; 0             ; 0        ; 1              ; 0        ; 0           ; 0             ; 1        ;
; E.dec_TR       ; 0           ; 0           ; 0           ; 0         ; 0            ; 0              ; 0             ; 0            ; 0              ; 0             ; 0         ; 0            ; 0              ; 0              ; 0             ; 0             ; 1        ; 0              ; 0        ; 0           ; 0             ; 1        ;
; E.vrf_maior_0  ; 0           ; 0           ; 0           ; 0         ; 0            ; 0              ; 0             ; 0            ; 0              ; 0             ; 0         ; 0            ; 0              ; 0              ; 0             ; 1             ; 0        ; 0              ; 0        ; 0           ; 0             ; 1        ;
; E.carrega_TFP  ; 0           ; 0           ; 0           ; 0         ; 0            ; 0              ; 0             ; 0            ; 0              ; 0             ; 0         ; 0            ; 0              ; 0              ; 1             ; 0             ; 0        ; 0              ; 0        ; 0           ; 0             ; 1        ;
; E.TFP_reduzido ; 0           ; 0           ; 0           ; 0         ; 0            ; 0              ; 0             ; 0            ; 0              ; 0             ; 0         ; 0            ; 0              ; 1              ; 0             ; 0             ; 0        ; 0              ; 0        ; 0           ; 0             ; 1        ;
; E.decresce_TFP ; 0           ; 0           ; 0           ; 0         ; 0            ; 0              ; 0             ; 0            ; 0              ; 0             ; 0         ; 0            ; 1              ; 0              ; 0             ; 0             ; 0        ; 0              ; 0        ; 0           ; 0             ; 1        ;
; E.TFP_comp_0   ; 0           ; 0           ; 0           ; 0         ; 0            ; 0              ; 0             ; 0            ; 0              ; 0             ; 0         ; 1            ; 0              ; 0              ; 0             ; 0             ; 0        ; 0              ; 0        ; 0           ; 0             ; 1        ;
; E.ama_TAP      ; 0           ; 0           ; 0           ; 0         ; 0            ; 0              ; 0             ; 0            ; 0              ; 0             ; 1         ; 0            ; 0              ; 0              ; 0             ; 0             ; 0        ; 0              ; 0        ; 0           ; 0             ; 1        ;
; E.carrega_TFT  ; 0           ; 0           ; 0           ; 0         ; 0            ; 0              ; 0             ; 0            ; 0              ; 1             ; 0         ; 0            ; 0              ; 0              ; 0             ; 0             ; 0        ; 0              ; 0        ; 0           ; 0             ; 1        ;
; E.decresce_TFT ; 0           ; 0           ; 0           ; 0         ; 0            ; 0              ; 0             ; 0            ; 1              ; 0             ; 0         ; 0            ; 0              ; 0              ; 0             ; 0             ; 0        ; 0              ; 0        ; 0           ; 0             ; 1        ;
; E.TFT_comp_0   ; 0           ; 0           ; 0           ; 0         ; 0            ; 0              ; 0             ; 1            ; 0              ; 0             ; 0         ; 0            ; 0              ; 0              ; 0             ; 0             ; 0        ; 0              ; 0        ; 0           ; 0             ; 1        ;
; E.carrega_TFS  ; 0           ; 0           ; 0           ; 0         ; 0            ; 0              ; 1             ; 0            ; 0              ; 0             ; 0         ; 0            ; 0              ; 0              ; 0             ; 0             ; 0        ; 0              ; 0        ; 0           ; 0             ; 1        ;
; E.decresce_TFS ; 0           ; 0           ; 0           ; 0         ; 0            ; 1              ; 0             ; 0            ; 0              ; 0             ; 0         ; 0            ; 0              ; 0              ; 0             ; 0             ; 0        ; 0              ; 0        ; 0           ; 0             ; 1        ;
; E.TFS_comp_0   ; 0           ; 0           ; 0           ; 0         ; 1            ; 0              ; 0             ; 0            ; 0              ; 0             ; 0         ; 0            ; 0              ; 0              ; 0             ; 0             ; 0        ; 0              ; 0        ; 0           ; 0             ; 1        ;
; E.ama_TAS      ; 0           ; 0           ; 0           ; 1         ; 0            ; 0              ; 0             ; 0            ; 0              ; 0             ; 0         ; 0            ; 0              ; 0              ; 0             ; 0             ; 0        ; 0              ; 0        ; 0           ; 0             ; 1        ;
; E.tempo_TFP    ; 0           ; 0           ; 1           ; 0         ; 0            ; 0              ; 0             ; 0            ; 0              ; 0             ; 0         ; 0            ; 0              ; 0              ; 0             ; 0             ; 0        ; 0              ; 0        ; 0           ; 0             ; 1        ;
; E.tempo_TFS    ; 0           ; 1           ; 0           ; 0         ; 0            ; 0              ; 0             ; 0            ; 0              ; 0             ; 0         ; 0            ; 0              ; 0              ; 0             ; 0             ; 0        ; 0              ; 0        ; 0           ; 0             ; 1        ;
; E.tempo_TFT    ; 1           ; 0           ; 0           ; 0         ; 0            ; 0              ; 0             ; 0            ; 0              ; 0             ; 0         ; 0            ; 0              ; 0              ; 0             ; 0             ; 0        ; 0              ; 0        ; 0           ; 0             ; 1        ;
+----------------+-------------+-------------+-------------+-----------+--------------+----------------+---------------+--------------+----------------+---------------+-----------+--------------+----------------+----------------+---------------+---------------+----------+----------------+----------+-------------+---------------+----------+


+----------------------------------------------------------------------------------------------------------+
; User-Specified and Inferred Latches                                                                      ;
+----------------------------------------------------+----------------------------+------------------------+
; Latch Name                                         ; Latch Enable Signal        ; Free of Timing Hazards ;
+----------------------------------------------------+----------------------------+------------------------+
; UC_SEMAFORO:inst6|RS                               ; UC_SEMAFORO:inst6|WideOr39 ; yes                    ;
; Number of user-specified and inferred latches = 1  ;                            ;                        ;
+----------------------------------------------------+----------------------------+------------------------+
Note: All latches listed above may not be present at the end of synthesis due to various synthesis optimizations.


+------------------------------------------------------------+
; Registers Removed During Synthesis                         ;
+---------------------------------------+--------------------+
; Register name                         ; Reason for Removal ;
+---------------------------------------+--------------------+
; SINC:inst12|Estado.E1                 ; Lost fanout        ;
; SINC:inst12|Estado.E2                 ; Lost fanout        ;
; SINC:inst13|Estado.E1                 ; Lost fanout        ;
; SINC:inst13|Estado.E2                 ; Lost fanout        ;
; Total Number of Removed Registers = 4 ;                    ;
+---------------------------------------+--------------------+


+------------------------------------------------------+
; General Register Statistics                          ;
+----------------------------------------------+-------+
; Statistic                                    ; Value ;
+----------------------------------------------+-------+
; Total registers                              ; 72    ;
; Number of registers using Synchronous Clear  ; 0     ;
; Number of registers using Synchronous Load   ; 0     ;
; Number of registers using Asynchronous Clear ; 56    ;
; Number of registers using Asynchronous Load  ; 0     ;
; Number of registers using Clock Enable       ; 16    ;
; Number of registers using Preset             ; 0     ;
+----------------------------------------------+-------+


+---------------------------------------------------+
; Inverted Register Statistics                      ;
+-----------------------------------------+---------+
; Inverted Register                       ; Fan out ;
+-----------------------------------------+---------+
; TIMER:inst8|count[24]                   ; 18      ;
; TIMER:inst8|count[22]                   ; 3       ;
; TIMER:inst8|count[21]                   ; 4       ;
; TIMER:inst8|count[20]                   ; 2       ;
; TIMER:inst8|count[19]                   ; 3       ;
; TIMER:inst8|count[18]                   ; 4       ;
; TIMER:inst8|count[16]                   ; 3       ;
; TIMER:inst8|count[14]                   ; 2       ;
; TIMER:inst8|count[13]                   ; 3       ;
; TIMER:inst8|count[12]                   ; 4       ;
; TIMER:inst8|count[11]                   ; 2       ;
; TIMER:inst8|count[6]                    ; 4       ;
; TIMER:inst8|count[0]                    ; 5       ;
; Total number of inverted registers = 13 ;         ;
+-----------------------------------------+---------+


+-------------------------------------------------------------------------------------------------------------------------------------------+
; Multiplexer Restructuring Statistics (Restructuring Performed)                                                                            ;
+--------------------+-----------+---------------+----------------------+------------------------+------------+-----------------------------+
; Multiplexer Inputs ; Bus Width ; Baseline Area ; Area if Restructured ; Saving if Restructured ; Registered ; Example Multiplexer Output  ;
+--------------------+-----------+---------------+----------------------+------------------------+------------+-----------------------------+
; 4:1                ; 4 bits    ; 8 LEs         ; 8 LEs                ; 0 LEs                  ; No         ; |projeto_2|MUX_B:inst1|Mux0 ;
; 3:1                ; 2 bits    ; 4 LEs         ; 2 LEs                ; 2 LEs                  ; No         ; |projeto_2|ULA:inst7|PO     ;
; 8:1                ; 4 bits    ; 20 LEs        ; 20 LEs               ; 0 LEs                  ; No         ; |projeto_2|MUX_A:inst|Mux0  ;
; 5:1                ; 4 bits    ; 12 LEs        ; 8 LEs                ; 4 LEs                  ; No         ; |projeto_2|ULA:inst7|Mux3   ;
+--------------------+-----------+---------------+----------------------+------------------------+------------+-----------------------------+


+-----------------------------------------------------+
; Post-Synthesis Netlist Statistics for Top Partition ;
+-----------------------+-----------------------------+
; Type                  ; Count                       ;
+-----------------------+-----------------------------+
; boundary_port         ; 51                          ;
; cycloneiii_ff         ; 72                          ;
;     CLR               ; 56                          ;
;     ENA               ; 16                          ;
; cycloneiii_lcell_comb ; 183                         ;
;     arith             ; 8                           ;
;         3 data inputs ; 8                           ;
;     normal            ; 175                         ;
;         0 data inputs ; 2                           ;
;         1 data inputs ; 13                          ;
;         2 data inputs ; 7                           ;
;         3 data inputs ; 35                          ;
;         4 data inputs ; 118                         ;
;                       ;                             ;
; Max LUT depth         ; 10.00                       ;
; Average LUT depth     ; 6.32                        ;
+-----------------------+-----------------------------+


+-------------------------------+
; Elapsed Time Per Partition    ;
+----------------+--------------+
; Partition Name ; Elapsed Time ;
+----------------+--------------+
; Top            ; 00:00:02     ;
+----------------+--------------+


+-------------------------------+
; Analysis & Synthesis Messages ;
+-------------------------------+
Info: *******************************************************************
Info: Running Quartus Prime Analysis & Synthesis
    Info: Version 16.1.2 Build 203 01/18/2017 SJ Lite Edition
    Info: Processing started: Wed Nov 15 15:55:42 2017
Info: Command: quartus_map --read_settings_files=on --write_settings_files=off projeto_2 -c projeto_2
Warning (18236): Number of processors has not been specified which may cause overloading on shared machines.  Set the global assignment NUM_PARALLEL_PROCESSORS in your QSF to an appropriate value for best performance.
Info (20030): Parallel compilation is enabled and will use 2 of the 2 processors detected
Info (12021): Found 1 design units, including 1 entities, in source file projeto_2.bdf
    Info (12023): Found entity 1: projeto_2
Info (12127): Elaborating entity "projeto_2" for the top level hierarchy
Warning (12125): Using design file dec.vhd, which is not specified as a design file for the current project, but contains definitions for 2 design units and 1 entities in project
    Info (12022): Found design unit 1: DEC-FLUXO_DE_DADOS File: F:/Projeto_2_Arquivos/UC/dec.vhd Line: 24
    Info (12023): Found entity 1: DEC File: F:/Projeto_2_Arquivos/UC/dec.vhd Line: 16
Info (12128): Elaborating entity "DEC" for hierarchy "DEC:inst14"
Warning (12125): Using design file reg.vhd, which is not specified as a design file for the current project, but contains definitions for 2 design units and 1 entities in project
    Info (12022): Found design unit 1: REG-behv File: F:/Projeto_2_Arquivos/UC/reg.vhd Line: 22
    Info (12023): Found entity 1: REG File: F:/Projeto_2_Arquivos/UC/reg.vhd Line: 15
Info (12128): Elaborating entity "REG" for hierarchy "REG:inst5"
Warning (12125): Using design file uc_semaforo.vhd, which is not specified as a design file for the current project, but contains definitions for 2 design units and 1 entities in project
    Info (12022): Found design unit 1: UC_SEMAFORO-FSM File: F:/Projeto_2_Arquivos/UC/uc_semaforo.vhd Line: 49
    Info (12023): Found entity 1: UC_SEMAFORO File: F:/Projeto_2_Arquivos/UC/uc_semaforo.vhd Line: 17
Info (12128): Elaborating entity "UC_SEMAFORO" for hierarchy "UC_SEMAFORO:inst6"
Warning (10631): VHDL Process Statement warning at uc_semaforo.vhd(147): inferring latch(es) for signal or variable "RS", which holds its previous value in one or more paths through the process File: F:/Projeto_2_Arquivos/UC/uc_semaforo.vhd Line: 147
Info (10041): Inferred latch for "RS" at uc_semaforo.vhd(147) File: F:/Projeto_2_Arquivos/UC/uc_semaforo.vhd Line: 147
Warning (12125): Using design file sinc.vhd, which is not specified as a design file for the current project, but contains definitions for 2 design units and 1 entities in project
    Info (12022): Found design unit 1: SINC-BEHAVIOR File: F:/Projeto_2_Arquivos/UC/sinc.vhd Line: 22
    Info (12023): Found entity 1: SINC File: F:/Projeto_2_Arquivos/UC/sinc.vhd Line: 15
Info (12128): Elaborating entity "SINC" for hierarchy "SINC:inst13"
Warning (12125): Using design file ff_d.vhd, which is not specified as a design file for the current project, but contains definitions for 2 design units and 1 entities in project
    Info (12022): Found design unit 1: FF_D-comportamental File: F:/Projeto_2_Arquivos/UC/ff_d.vhd Line: 22
    Info (12023): Found entity 1: FF_D File: F:/Projeto_2_Arquivos/UC/ff_d.vhd Line: 16
Info (12128): Elaborating entity "FF_D" for hierarchy "FF_D:inst10"
Warning (12125): Using design file ula.vhd, which is not specified as a design file for the current project, but contains definitions for 2 design units and 1 entities in project
    Info (12022): Found design unit 1: ULA-Behavioral File: F:/Projeto_2_Arquivos/UC/ula.vhd Line: 33
    Info (12023): Found entity 1: ULA File: F:/Projeto_2_Arquivos/UC/ula.vhd Line: 21
Info (12128): Elaborating entity "ULA" for hierarchy "ULA:inst7"
Warning (12125): Using design file mux_a.vhd, which is not specified as a design file for the current project, but contains definitions for 2 design units and 1 entities in project
    Info (12022): Found design unit 1: MUX_A-comportamental File: F:/Projeto_2_Arquivos/UC/mux_a.vhd Line: 24
    Info (12023): Found entity 1: MUX_A File: F:/Projeto_2_Arquivos/UC/mux_a.vhd Line: 18
Info (12128): Elaborating entity "MUX_A" for hierarchy "MUX_A:inst"
Warning (12125): Using design file mux_b.vhd, which is not specified as a design file for the current project, but contains definitions for 2 design units and 1 entities in project
    Info (12022): Found design unit 1: MUX_B-comportamental File: F:/Projeto_2_Arquivos/UC/mux_b.vhd Line: 27
    Info (12023): Found entity 1: MUX_B File: F:/Projeto_2_Arquivos/UC/mux_b.vhd Line: 18
Info (12128): Elaborating entity "MUX_B" for hierarchy "MUX_B:inst1"
Warning (12125): Using design file timer.vhd, which is not specified as a design file for the current project, but contains definitions for 2 design units and 1 entities in project
    Info (12022): Found design unit 1: TIMER-COMPORTAMENTAL File: F:/Projeto_2_Arquivos/UC/timer.vhd Line: 29
    Info (12023): Found entity 1: TIMER File: F:/Projeto_2_Arquivos/UC/timer.vhd Line: 22
Info (12128): Elaborating entity "TIMER" for hierarchy "TIMER:inst8"
Warning (13012): Latch UC_SEMAFORO:inst6|RS has unsafe behavior File: F:/Projeto_2_Arquivos/UC/uc_semaforo.vhd Line: 53
    Warning (13013): Ports D and ENA on the latch are fed by the same signal UC_SEMAFORO:inst6|E.carrega_TFT File: F:/Projeto_2_Arquivos/UC/uc_semaforo.vhd Line: 51
Info (13000): Registers with preset signals will power-up high File: F:/Projeto_2_Arquivos/UC/timer.vhd Line: 35
Info (13003): DEV_CLRn pin will set, and not reset, register with preset signal due to NOT Gate Push-Back
Info (286030): Timing-Driven Synthesis is running
Info (17049): 4 registers lost all their fanouts during netlist optimizations.
Info (16010): Generating hard_block partition "hard_block:auto_generated_inst"
    Info (16011): Adding 0 node(s), including 0 DDIO, 0 PLL, 0 transceiver and 0 LCELL
Info (21057): Implemented 247 device resources after synthesis - the final resource count might be different
    Info (21058): Implemented 7 input pins
    Info (21059): Implemented 44 output pins
    Info (21061): Implemented 196 logic cells
Info: Quartus Prime Analysis & Synthesis was successful. 0 errors, 13 warnings
    Info: Peak virtual memory: 667 megabytes
    Info: Processing ended: Wed Nov 15 15:56:30 2017
    Info: Elapsed time: 00:00:48
    Info: Total CPU time (on all processors): 00:01:08


